<?xml version="1.0" encoding="UTF-8"?>
<!-- Generated by org.testng.reporters.JUnitXMLReporter -->
<testsuite ignored="0" hostname="DESKTOP-S9F8K9E" failures="0" tests="4" name="ChromeTest" time="119.414" errors="0" timestamp="2022-09-23T15:45:30 IST">
  <testcase classname="test.VerifyHelpPageLink" name="verifyLoginToAccountLink" time="4.006"/>
  <testcase classname="test.VerifyHelpPageLink" name="verifySetLanguage" time="6.859"/>
  <testcase classname="test.VerifyCabPage" name="verifyHoyrlyRentalTab" time="0.321"/>
  <testcase classname="test.VerifyCabPage" name="verifyOutstaionTab" time="0.421"/>
</testsuite> <!-- ChromeTest -->
