<?xml version="1.0" encoding="UTF-8"?>
<!-- Generated by org.testng.reporters.JUnitXMLReporter -->
<testsuite ignored="1" hostname="DESKTOP-S9F8K9E" failures="0" tests="3" name="Test" time="82.471" errors="0" timestamp="2022-09-17T17:25:59 IST">
  <testcase classname="test.VerifyCabPage" name="verifyOutstaionTab" time="0.455"/>
  <testcase classname="test.VerifyHelpPageLink" name="verifyLoginToAccountLink" time="3.581"/>
  <testcase classname="test.VerifyHelpPageLink" name="verifySetLanguage" time="6.731"/>
  <testcase classname="test.VerifyCabPage" name="verifyHoyrlyRentalTab" time="0.0">
    <ignored/>
  </testcase> <!-- verifyHoyrlyRentalTab -->
</testsuite> <!-- Test -->
